<?xml version="1.0" encoding="UTF-8"?>
<!-- Generated by org.testng.reporters.JUnitXMLReporter -->
<testsuite ignored="0" hostname="Parzival" failures="1" tests="1" name="Default test(failed)" time="58.667" errors="0" timestamp="2024-09-14T12:26:36 IST">
  <testcase classname="io.cucumber.testng.AbstractTestNGCucumberTests" name="runScenario" time="57.44">
    <failure type="java.lang.AssertionError" message="Login Failed">
      <![CDATA[java.lang.AssertionError: Login Failed
at stepDefinitions.OrangeHRM_Steps.login_success(OrangeHRM_Steps.java:100)
at âœ½.Login success(file:///E:/Workspace-1/Git_Repository/TrainingFramework/Training_FrameworkJuly/src/test/resources/features/Login_OrangeHRM.feature:8)
... Removed 1 stack frames]]>
    </failure>
  </testcase> <!-- runScenario -->
</testsuite> <!-- Default test(failed) -->
